[INFO  - 2020-06-06T16:47:59.485Z] GhostDriver - Main - running on port 4412
[INFO  - 2020-06-06T16:48:03.921Z] Session [7d5ba8c0-a815-11ea-94d0-139a791b831a] - page.settings - {"XSSAuditingEnabled":false,"javascriptCanCloseWindows":true,"javascriptCanOpenWindows":true,"javascriptEnabled":true,"loadImages":true,"localToRemoteUrlAccessEnabled":false,"userAgent":"Mozilla/5.0 (Windows NT 10.0; WOW64) AppleWebKit/537.36 (KHTML, like Gecko) Chrome/66.0.3359.181 Safari/537.36","webSecurityEnabled":true}
[INFO  - 2020-06-06T16:48:03.921Z] Session [7d5ba8c0-a815-11ea-94d0-139a791b831a] - page.customHeaders:  - {}
[INFO  - 2020-06-06T16:48:03.921Z] Session [7d5ba8c0-a815-11ea-94d0-139a791b831a] - Session.negotiatedCapabilities - {"browserName":"phantomjs","version":"2.1.1","driverName":"ghostdriver","driverVersion":"1.2.0","platform":"windows-10-32bit","javascriptEnabled":true,"takesScreenshot":true,"handlesAlerts":false,"databaseEnabled":false,"locationContextEnabled":false,"applicationCacheEnabled":false,"browserConnectionEnabled":false,"cssSelectorsEnabled":true,"webStorageEnabled":false,"rotatable":false,"acceptSslCerts":false,"nativeEvents":true,"proxy":{"proxyType":"direct"},"phantomjs.page.settings.userAgent":"Mozilla/5.0 (Windows NT 10.0; WOW64) AppleWebKit/537.36 (KHTML, like Gecko) Chrome/66.0.3359.181 Safari/537.36"}
[INFO  - 2020-06-06T16:48:03.921Z] SessionManagerReqHand - _postNewSessionCommand - New Session Created: 7d5ba8c0-a815-11ea-94d0-139a791b831a
[ERROR - 2020-06-06T16:50:19.800Z] Session [7d5ba8c0-a815-11ea-94d0-139a791b831a] - page.onError - msg: interceptor Error: timeout of 5000ms exceeded

  phantomjs://platform/console++.js:263 in error
[ERROR - 2020-06-06T16:50:19.801Z] Session [7d5ba8c0-a815-11ea-94d0-139a791b831a] - page.onError - stack:
  u (https://hotel.meituan.com/dist/search-client.js?1591462084:1)

  phantomjs://platform/console++.js:263 in error
[ERROR - 2020-06-06T16:50:19.802Z] Session [7d5ba8c0-a815-11ea-94d0-139a791b831a] - page.onError - msg: request.path:  undefined

  phantomjs://platform/console++.js:263 in error
[ERROR - 2020-06-06T16:50:19.802Z] Session [7d5ba8c0-a815-11ea-94d0-139a791b831a] - page.onError - stack:
  u (https://hotel.meituan.com/dist/search-client.js?1591462084:1)

  phantomjs://platform/console++.js:263 in error
[ERROR - 2020-06-06T16:51:20.231Z] Session [7d5ba8c0-a815-11ea-94d0-139a791b831a] - page.onError - msg: interceptor Error: timeout of 5000ms exceeded

  phantomjs://platform/console++.js:263 in error
[ERROR - 2020-06-06T16:51:20.232Z] Session [7d5ba8c0-a815-11ea-94d0-139a791b831a] - page.onError - stack:
  u (https://hotel.meituan.com/dist/search-client.js?1591462084:1)

  phantomjs://platform/console++.js:263 in error
[ERROR - 2020-06-06T16:51:20.233Z] Session [7d5ba8c0-a815-11ea-94d0-139a791b831a] - page.onError - msg: request.path:  undefined

  phantomjs://platform/console++.js:263 in error
[ERROR - 2020-06-06T16:51:20.233Z] Session [7d5ba8c0-a815-11ea-94d0-139a791b831a] - page.onError - stack:
  u (https://hotel.meituan.com/dist/search-client.js?1591462084:1)

  phantomjs://platform/console++.js:263 in error
